<?xml version="1.0" encoding="UTF-8"?>
<!-- Generated by org.testng.reporters.JUnitXMLReporter -->
<testsuite hostname="DESKTOP-3KMQB6L" ignored="2" name="Test(failed)" tests="2" failures="2" timestamp="25 Dec 2019 05:21:10 GMT" time="21.784" errors="0">
  <testcase name="addNewCustomer" time="0.022" classname="com.inetBankingV1.testcases.TC_AddCustomer_003">
    <failure type="java.lang.NullPointerException">
      <![CDATA[java.lang.NullPointerException
at com.inetBankingV1.testcases.TC_AddCustomer_003.addNewCustomer(TC_AddCustomer_003.java:21)
... Removed 25 stack frames]]>
    </failure>
  </testcase> <!-- addNewCustomer -->
  <testcase name="loginDp" time="0.004" classname="com.inetBankingV1.testcases.TC_LoginDp_002">
    <failure type="java.lang.NullPointerException">
      <![CDATA[java.lang.NullPointerException
at com.inetBankingV1.testcases.TC_LoginDp_002.loginDp(TC_LoginDp_002.java:19)
... Removed 25 stack frames]]>
    </failure>
  </testcase> <!-- loginDp -->
  <testcase name="data" time="0.0" classname="com.inetbanking.resources.Base">
    <ignored/>
  </testcase> <!-- data -->
  <testcase name="data" time="0.0" classname="com.inetbanking.resources.Base">
    <ignored/>
  </testcase> <!-- data -->
</testsuite> <!-- Test(failed) -->
