<?xml version="1.0" encoding="UTF-8"?>
<testsuite xmlns:xsi="http://www.w3.org/2001/XMLSchema-instance" xsi:noNamespaceSchemaLocation="https://maven.apache.org/surefire/maven-surefire-plugin/xsd/surefire-test-report-3.0.xsd" version="3.0" name="TestSuite" time="79.927" tests="8" errors="0" skipped="0" failures="2">
  <properties>
[...]
</properties>
  <testcase name="data" classname="com.inetbanking.resources.Base" time="0.019"/>
  <testcase name="data" classname="com.inetBankingV1.testcases.TC_Login_001" time="0.002"/>
  <testcase name="loginTest" classname="com.inetBankingV1.testcases.TC_Login_001" time="9.131"/>
  <testcase name="data" classname="com.inetBankingV1.testcases.TC_LoginDp_002" time="0.004"/>
  <testcase name="loginDp" classname="com.inetBankingV1.testcases.TC_LoginDp_002" time="10.195"/>
  <testcase name="loginDp" classname="com.inetBankingV1.testcases.TC_LoginDp_002" time="4.399">
    <failure message="expected [true] but found [false]" type="java.lang.AssertionError"><![CDATA[java.lang.AssertionError: expected [true] but found [false]
	at com.inetBankingV1.testcases.TC_LoginDp_002.loginDp(TC_LoginDp_002.java:34)
]]></failure>
  </testcase>
  <testcase name="data" classname="com.inetBankingV1.testcases.TC_AddCustomer_003" time="0"/>
  <testcase name="addNewCustomer" classname="com.inetBankingV1.testcases.TC_AddCustomer_003" time="20.387">
    <failure message="unexpected alert open: {Alert text : please fill all fields}&#10;  (Session info: chrome=79.0.3945.88): please fill all fields&#10;Build info: version: &apos;4.0.0-alpha-3&apos;, revision: &apos;8c567de6dc&apos;&#10;System info: host: &apos;DESKTOP-3KMQB6L&apos;, ip: &apos;10.122.30.24&apos;, os.name: &apos;Windows 10&apos;, os.arch: &apos;amd64&apos;, os.version: &apos;10.0&apos;, java.version: &apos;1.8.0_181&apos;&#10;Driver info: org.openqa.selenium.chrome.ChromeDriver&#10;Capabilities {acceptInsecureCerts: false, browserName: chrome, browserVersion: 79.0.3945.88, chrome: {chromedriverVersion: 79.0.3945.36 (3582db32b3389..., userDataDir: C:\Users\kishore\AppData\Lo...}, goog:chromeOptions: {debuggerAddress: localhost:55906}, javascriptEnabled: true, networkConnectionEnabled: false, pageLoadStrategy: normal, platform: WINDOWS, platformName: WINDOWS, proxy: Proxy(), setWindowRect: true, strictFileInteractability: false, timeouts: {implicit: 0, pageLoad: 300000, script: 30000}, unhandledPromptBehavior: dismiss and notify}&#10;Session ID: 2bca3c23110b30677cceec6c4108efdb" type="org.openqa.selenium.UnhandledAlertException"><![CDATA[org.openqa.selenium.UnhandledAlertException: 
unexpected alert open: {Alert text : please fill all fields}
  (Session info: chrome=79.0.3945.88): please fill all fields
Build info: version: '4.0.0-alpha-3', revision: '8c567de6dc'
System info: host: 'DESKTOP-3KMQB6L', ip: '10.122.30.24', os.name: 'Windows 10', os.arch: 'amd64', os.version: '10.0', java.version: '1.8.0_181'
Driver info: org.openqa.selenium.chrome.ChromeDriver
Capabilities {acceptInsecureCerts: false, browserName: chrome, browserVersion: 79.0.3945.88, chrome: {chromedriverVersion: 79.0.3945.36 (3582db32b3389..., userDataDir: C:\Users\kishore\AppData\Lo...}, goog:chromeOptions: {debuggerAddress: localhost:55906}, javascriptEnabled: true, networkConnectionEnabled: false, pageLoadStrategy: normal, platform: WINDOWS, platformName: WINDOWS, proxy: Proxy(), setWindowRect: true, strictFileInteractability: false, timeouts: {implicit: 0, pageLoad: 300000, script: 30000}, unhandledPromptBehavior: dismiss and notify}
Session ID: 2bca3c23110b30677cceec6c4108efdb
	at com.inetBankingV1.testcases.TC_AddCustomer_003.addNewCustomer(TC_AddCustomer_003.java:63)
]]></failure>
    <system-err><![CDATA[[1577258188.839][WARNING]: Timed out connecting to Chrome, retrying...
]]></system-err>
  </testcase>
</testsuite>